Removed Pin From Net: NetName=GND Pin=C1-1
Removed Pin From Net: NetName=GND Pin=C2-1
Removed Pin From Net: NetName=3V3 Pin=C2-2
Removed Pin From Net: NetName=GND Pin=C5-2
Removed Pin From Net: NetName=GND Pin=C6-1
Removed Pin From Net: NetName=GND Pin=C7-1
Removed Pin From Net: NetName=GND Pin=C8-1
Removed Pin From Net: NetName=3V3 Pin=C8-2
Removed Pin From Net: NetName=GND Pin=C9-1
Removed Pin From Net: NetName=3V3 Pin=C9-2
Removed Pin From Net: NetName=GND Pin=C10-1
Removed Pin From Net: NetName=3V3 Pin=C10-2
Removed Pin From Net: NetName=GND Pin=C11-1
Removed Pin From Net: NetName=3V3 Pin=C11-2
Removed Pin From Net: NetName=3V3 Pin=D1-A
Removed Pin From Net: NetName=3V3 Pin=D2-A
Removed Pin From Net: NetName=USB_DM Pin=D3-1
Removed Pin From Net: NetName=GND Pin=D3-2
Removed Pin From Net: NetName=USB_DP Pin=D3-3
Removed Pin From Net: NetName=USB_DP_IN Pin=D3-4
Removed Pin From Net: NetName=5V Pin=D3-5
Removed Pin From Net: NetName=USB_DM_IN Pin=D3-6
Removed Pin From Net: NetName=GND Pin=J1-A1
Removed Pin From Net: NetName=5V_IN Pin=J1-A4
Removed Pin From Net: NetName=USB_DP Pin=J1-A6
Removed Pin From Net: NetName=USB_DM Pin=J1-A7
Removed Pin From Net: NetName=5V_IN Pin=J1-A9
Removed Pin From Net: NetName=GND Pin=J1-A12
Removed Pin From Net: NetName=GND Pin=J1-B1
Removed Pin From Net: NetName=5V_IN Pin=J1-B4
Removed Pin From Net: NetName=USB_DP Pin=J1-B6
Removed Pin From Net: NetName=USB_DM Pin=J1-B7
Removed Pin From Net: NetName=5V_IN Pin=J1-B9
Removed Pin From Net: NetName=GND Pin=J1-B12
Removed Pin From Net: NetName=PC7 Pin=R1-1
Removed Pin From Net: NetName=TDO Pin=R1-2
Removed Pin From Net: NetName=PB15 Pin=R2-1
Removed Pin From Net: NetName=TDO Pin=R2-2
Removed Pin From Net: NetName=GND Pin=R3-1
Removed Pin From Net: NetName=TDO Pin=R3-2
Removed Pin From Net: NetName=PA8 Pin=R4-1
Removed Pin From Net: NetName=TDI-Y Pin=R4-2
Removed Pin From Net: NetName=PB14 Pin=R5-1
Removed Pin From Net: NetName=TDI-Y Pin=R5-2
Removed Pin From Net: NetName=GND Pin=R6-1
Removed Pin From Net: NetName=TDI-Y Pin=R6-2
Removed Pin From Net: NetName=PB2 Pin=R7-1
Removed Pin From Net: NetName=RXD Pin=R7-2
Removed Pin From Net: NetName=3V3 Pin=R8-1
Removed Pin From Net: NetName=RXD Pin=R8-2
Removed Pin From Net: NetName=GND Pin=R9-1
Removed Pin From Net: NetName=RXD Pin=R9-2
Removed Pin From Net: NetName=PA7 Pin=R10-1
Removed Pin From Net: NetName=TMS Pin=R10-2
Removed Pin From Net: NetName=GND Pin=R11-1
Removed Pin From Net: NetName=PA6 Pin=R12-1
Removed Pin From Net: NetName=TMS Pin=R12-2
Removed Pin From Net: NetName=GND Pin=R13-1
Removed Pin From Net: NetName=TMS Pin=R13-2
Removed Pin From Net: NetName=3V3 Pin=R14-1
Removed Pin From Net: NetName=PC9 Pin=R15-1
Removed Pin From Net: NetName=TCK Pin=R15-2
Removed Pin From Net: NetName=PA5 Pin=R16-1
Removed Pin From Net: NetName=TCK Pin=R16-2
Removed Pin From Net: NetName=GND Pin=R17-1
Removed Pin From Net: NetName=TCK Pin=R17-2
Removed Pin From Net: NetName=PB8 Pin=R18-1
Removed Pin From Net: NetName=RST Pin=R18-2
Removed Pin From Net: NetName=PC5 Pin=R19-1
Removed Pin From Net: NetName=RST Pin=R19-2
Removed Pin From Net: NetName=PA10 Pin=R20-1
Removed Pin From Net: NetName=RST Pin=R20-2
Removed Pin From Net: NetName=PC8 Pin=R21-1
Removed Pin From Net: NetName=RST Pin=R21-2
Removed Pin From Net: NetName=3V3 Pin=R22-1
Removed Pin From Net: NetName=RST Pin=R22-2
Removed Pin From Net: NetName=LED Pin=R23-1
Removed Pin From Net: NetName=3V3 Pin=R24-1
Removed Pin From Net: NetName=USB_DP Pin=R24-2
Removed Pin From Net: NetName=GND Pin=R25-1
Removed Pin From Net: NetName=PC0 Pin=R25-2
Removed Pin From Net: NetName=PC0 Pin=R26-1
Removed Pin From Net: NetName=3V3 Pin=R26-2
Removed Pin From Net: NetName=GND Pin=R27-1
Removed Pin From Net: NetName=GND Pin=R28-1
Removed Pin From Net: NetName=PC3 Pin=R28-2
Removed Pin From Net: NetName=PC3 Pin=R29-1
Removed Pin From Net: NetName=5V Pin=R29-2
Removed Pin From Net: NetName=PB1 Pin=R30-1
Removed Pin From Net: NetName=3V3 Pin=R30-2
Removed Pin From Net: NetName=GND Pin=R31-2
Removed Pin From Net: NetName=5V Pin=R32-1
Removed Pin From Net: NetName=5V_IN Pin=R32-2
Removed Pin From Net: NetName=3V3 Pin=SWDOUT1-1
Removed Pin From Net: NetName=5V Pin=SWDOUT1-2
Removed Pin From Net: NetName=TMS Pin=SWDOUT1-3
Removed Pin From Net: NetName=GND Pin=SWDOUT1-4
Removed Pin From Net: NetName=TCK Pin=SWDOUT1-5
Removed Pin From Net: NetName=RXD Pin=SWDOUT1-6
Removed Pin From Net: NetName=GND Pin=SWDOUT1-7
Removed Pin From Net: NetName=TDI-Y Pin=SWDOUT1-8
Removed Pin From Net: NetName=RST Pin=SWDOUT1-9
Removed Pin From Net: NetName=TDO Pin=SWDOUT1-10
Removed Pin From Net: NetName=OSC1 Pin=U1-5
Removed Pin From Net: NetName=OSC2 Pin=U1-6
Removed Pin From Net: NetName=PC0 Pin=U1-8
Removed Pin From Net: NetName=PC3 Pin=U1-11
Removed Pin From Net: NetName=GND Pin=U1-12
Removed Pin From Net: NetName=3V3 Pin=U1-13
Removed Pin From Net: NetName=GND Pin=U1-14
Removed Pin From Net: NetName=GND Pin=U1-18
Removed Pin From Net: NetName=3V3 Pin=U1-19
Removed Pin From Net: NetName=GND Pin=U1-20
Removed Pin From Net: NetName=PA5 Pin=U1-21
Removed Pin From Net: NetName=PA6 Pin=U1-22
Removed Pin From Net: NetName=PA7 Pin=U1-23
Removed Pin From Net: NetName=PC5 Pin=U1-25
Removed Pin From Net: NetName=PB1 Pin=U1-27
Removed Pin From Net: NetName=PB2 Pin=U1-28
Removed Pin From Net: NetName=LED Pin=U1-30
Removed Pin From Net: NetName=3V3 Pin=U1-32
Removed Pin From Net: NetName=PB1 Pin=U1-33
Removed Pin From Net: NetName=PA5 Pin=U1-34
Removed Pin From Net: NetName=PB14 Pin=U1-35
Removed Pin From Net: NetName=PB15 Pin=U1-36
Removed Pin From Net: NetName=PA5 Pin=U1-37
Removed Pin From Net: NetName=PC7 Pin=U1-38
Removed Pin From Net: NetName=PC8 Pin=U1-39
Removed Pin From Net: NetName=PC9 Pin=U1-40
Removed Pin From Net: NetName=PA8 Pin=U1-41
Removed Pin From Net: NetName=PA10 Pin=U1-43
Removed Pin From Net: NetName=USB_DM_IN Pin=U1-44
Removed Pin From Net: NetName=USB_DP_IN Pin=U1-45
Removed Pin From Net: NetName=3V3 Pin=U1-48
Removed Pin From Net: NetName=PB8 Pin=U1-61
Removed Pin From Net: NetName=GND Pin=U1-63
Removed Pin From Net: NetName=3V3 Pin=U1-64
Removed Pin From Net: NetName=5V Pin=U2-1
Removed Pin From Net: NetName=GND Pin=U2-2
Removed Pin From Net: NetName=5V Pin=U2-3
Removed Pin From Net: NetName=3V3 Pin=U2-5
Removed Pin From Net: NetName=OSC1 Pin=X1-1
Removed Pin From Net: NetName=GND Pin=X1-2
Removed Pin From Net: NetName=OSC2 Pin=X1-3
Added Component: Designator=C3(LC-0603_C)
Add component (AddParameter): Name = "Published"; Value = "8-Jun-2000"; VariantName = "[No Variations]"
Add component (AddParameter): Name = "Publisher"; Value = "Altium Limited"; VariantName = "[No Variations]"
Add component (AddParameter): Name = "Revision"; Value = "July-2002: Re-released for DXP Platform."; VariantName = "[No Variations]"
Add component (AddParameter): Name = "Value"; Value = "104"; VariantName = "[No Variations]"
Added Component: Designator=C4(LC-0603_C)
Add component (AddParameter): Name = "Published"; Value = "8-Jun-2000"; VariantName = "[No Variations]"
Add component (AddParameter): Name = "Publisher"; Value = "Altium Limited"; VariantName = "[No Variations]"
Add component (AddParameter): Name = "Revision"; Value = "July-2002: Re-released for DXP Platform."; VariantName = "[No Variations]"
Add component (AddParameter): Name = "Value"; Value = "104"; VariantName = "[No Variations]"
Added Component: Designator=C12(LC-0603_C)
Add component (AddParameter): Name = "Published"; Value = "8-Jun-2000"; VariantName = "[No Variations]"
Add component (AddParameter): Name = "Publisher"; Value = "Altium Limited"; VariantName = "[No Variations]"
Add component (AddParameter): Name = "Revision"; Value = "July-2002: Re-released for DXP Platform."; VariantName = "[No Variations]"
Add component (AddParameter): Name = "Value"; Value = "104"; VariantName = "[No Variations]"
Added Component: Designator=C13(LC-0603_C)
Add component (AddParameter): Name = "Published"; Value = "8-Jun-2000"; VariantName = "[No Variations]"
Add component (AddParameter): Name = "Publisher"; Value = "Altium Limited"; VariantName = "[No Variations]"
Add component (AddParameter): Name = "Revision"; Value = "July-2002: Re-released for DXP Platform."; VariantName = "[No Variations]"
Add component (AddParameter): Name = "Value"; Value = "2.2uf"; VariantName = "[No Variations]"
Added Component: Designator=C14(LC-0603_C)
Add component (AddParameter): Name = "Published"; Value = "8-Jun-2000"; VariantName = "[No Variations]"
Add component (AddParameter): Name = "Publisher"; Value = "Altium Limited"; VariantName = "[No Variations]"
Add component (AddParameter): Name = "Revision"; Value = "July-2002: Re-released for DXP Platform."; VariantName = "[No Variations]"
Add component (AddParameter): Name = "Value"; Value = "2.2uf"; VariantName = "[No Variations]"
Added Component: Designator=D4(SOT23-6N)
Add component (AddParameter): Name = "BOM名称"; Value = "钳位IC"; VariantName = "[No Variations]"
Add component (AddParameter): Name = "学习资源"; Value = "www.ooocke.com"; VariantName = "[No Variations]"
Add component (AddParameter): Name = "属性"; Value = "30V/0.2A"; VariantName = "[No Variations]"
Add component (AddParameter): Name = "版权归属"; Value = "源创客"; VariantName = "[No Variations]"
Added Component: Designator=D5(0603_LED_S1)
Add component (AddParameter): Name = "ComponentLink1Description"; Value = "供应商链接"; VariantName = "[No Variations]"
Add component (AddParameter): Name = "ComponentLink1URL"; Value = "http://www.szlcsc.com/product/details_2663.html"; VariantName = "[No Variations]"
Add component (AddParameter): Name = "Package"; Value = "0603"; VariantName = "[No Variations]"
Add component (AddParameter): Name = "Supplier"; Value = "LC"; VariantName = "[No Variations]"
Add component (AddParameter): Name = "SuppliersPartNumber"; Value = "C2290"; VariantName = "[No Variations]"
Added Component: Designator=D6(0603_LED_S1)
Add component (AddParameter): Name = "ComponentLink1Description"; Value = "供应商链接"; VariantName = "[No Variations]"
Add component (AddParameter): Name = "ComponentLink1URL"; Value = "http://www.szlcsc.com/product/details_2663.html"; VariantName = "[No Variations]"
Add component (AddParameter): Name = "Package"; Value = "0603"; VariantName = "[No Variations]"
Add component (AddParameter): Name = "Supplier"; Value = "LC"; VariantName = "[No Variations]"
Add component (AddParameter): Name = "SuppliersPartNumber"; Value = "C2290"; VariantName = "[No Variations]"
Added Component: Designator=J2(USB Type-C-16Pin_A)
Added Component: Designator=P1(300S-2*5P 2.54MM_2)
Add component (AddParameter): Name = "LatestRevisionDate"; Value = "17-Jul-2002"; VariantName = "[No Variations]"
Add component (AddParameter): Name = "LatestRevisionNote"; Value = "Re-released for DXP Platform."; VariantName = "[No Variations]"
Add component (AddParameter): Name = "Publisher"; Value = "Altium Limited"; VariantName = "[No Variations]"
Added Component: Designator=R33(LC-0603_R)
Add component (AddParameter): Name = "Published"; Value = "8-Jun-2000"; VariantName = "[No Variations]"
Add component (AddParameter): Name = "Publisher"; Value = "Altium Limited"; VariantName = "[No Variations]"
Add component (AddParameter): Name = "Revision"; Value = "July-2002: Re-released for DXP Platform."; VariantName = "[No Variations]"
Add component (AddParameter): Name = "Value"; Value = "101"; VariantName = "[No Variations]"
Added Component: Designator=R34(LC-0603_R)
Add component (AddParameter): Name = "Published"; Value = "8-Jun-2000"; VariantName = "[No Variations]"
Add component (AddParameter): Name = "Publisher"; Value = "Altium Limited"; VariantName = "[No Variations]"
Add component (AddParameter): Name = "Revision"; Value = "July-2002: Re-released for DXP Platform."; VariantName = "[No Variations]"
Add component (AddParameter): Name = "Value"; Value = "101"; VariantName = "[No Variations]"
Added Component: Designator=R35(LC-0603_R)
Add component (AddParameter): Name = "Published"; Value = "8-Jun-2000"; VariantName = "[No Variations]"
Add component (AddParameter): Name = "Publisher"; Value = "Altium Limited"; VariantName = "[No Variations]"
Add component (AddParameter): Name = "Revision"; Value = "July-2002: Re-released for DXP Platform."; VariantName = "[No Variations]"
Add component (AddParameter): Name = "Value"; Value = "220K"; VariantName = "[No Variations]"
Added Component: Designator=R36(LC-0603_R)
Add component (AddParameter): Name = "Published"; Value = "8-Jun-2000"; VariantName = "[No Variations]"
Add component (AddParameter): Name = "Publisher"; Value = "Altium Limited"; VariantName = "[No Variations]"
Add component (AddParameter): Name = "Revision"; Value = "July-2002: Re-released for DXP Platform."; VariantName = "[No Variations]"
Add component (AddParameter): Name = "Value"; Value = "101"; VariantName = "[No Variations]"
Added Component: Designator=R37(LC-0603_R)
Add component (AddParameter): Name = "Published"; Value = "8-Jun-2000"; VariantName = "[No Variations]"
Add component (AddParameter): Name = "Publisher"; Value = "Altium Limited"; VariantName = "[No Variations]"
Add component (AddParameter): Name = "Revision"; Value = "July-2002: Re-released for DXP Platform."; VariantName = "[No Variations]"
Add component (AddParameter): Name = "Value"; Value = "101"; VariantName = "[No Variations]"
Added Component: Designator=R38(LC-0603_R)
Add component (AddParameter): Name = "Published"; Value = "8-Jun-2000"; VariantName = "[No Variations]"
Add component (AddParameter): Name = "Publisher"; Value = "Altium Limited"; VariantName = "[No Variations]"
Add component (AddParameter): Name = "Revision"; Value = "July-2002: Re-released for DXP Platform."; VariantName = "[No Variations]"
Add component (AddParameter): Name = "Value"; Value = "10K"; VariantName = "[No Variations]"
Added Component: Designator=R39(LC-0603_R)
Add component (AddParameter): Name = "Published"; Value = "8-Jun-2000"; VariantName = "[No Variations]"
Add component (AddParameter): Name = "Publisher"; Value = "Altium Limited"; VariantName = "[No Variations]"
Add component (AddParameter): Name = "Revision"; Value = "July-2002: Re-released for DXP Platform."; VariantName = "[No Variations]"
Add component (AddParameter): Name = "Value"; Value = "101"; VariantName = "[No Variations]"
Added Component: Designator=R40(LC-0603_R)
Add component (AddParameter): Name = "Published"; Value = "8-Jun-2000"; VariantName = "[No Variations]"
Add component (AddParameter): Name = "Publisher"; Value = "Altium Limited"; VariantName = "[No Variations]"
Add component (AddParameter): Name = "Revision"; Value = "July-2002: Re-released for DXP Platform."; VariantName = "[No Variations]"
Add component (AddParameter): Name = "Value"; Value = "10K"; VariantName = "[No Variations]"
Added Component: Designator=R41(LC-0603_R)
Add component (AddParameter): Name = "Published"; Value = "8-Jun-2000"; VariantName = "[No Variations]"
Add component (AddParameter): Name = "Publisher"; Value = "Altium Limited"; VariantName = "[No Variations]"
Add component (AddParameter): Name = "Revision"; Value = "July-2002: Re-released for DXP Platform."; VariantName = "[No Variations]"
Add component (AddParameter): Name = "Value"; Value = "10K"; VariantName = "[No Variations]"
Added Component: Designator=R42(LC-0603_R)
Add component (AddParameter): Name = "Published"; Value = "8-Jun-2000"; VariantName = "[No Variations]"
Add component (AddParameter): Name = "Publisher"; Value = "Altium Limited"; VariantName = "[No Variations]"
Add component (AddParameter): Name = "Revision"; Value = "July-2002: Re-released for DXP Platform."; VariantName = "[No Variations]"
Add component (AddParameter): Name = "Value"; Value = "101"; VariantName = "[No Variations]"
Added Component: Designator=R43(LC-0603_R)
Add component (AddParameter): Name = "Published"; Value = "8-Jun-2000"; VariantName = "[No Variations]"
Add component (AddParameter): Name = "Publisher"; Value = "Altium Limited"; VariantName = "[No Variations]"
Add component (AddParameter): Name = "Revision"; Value = "July-2002: Re-released for DXP Platform."; VariantName = "[No Variations]"
Add component (AddParameter): Name = "Value"; Value = "10K."; VariantName = "[No Variations]"
Added Component: Designator=R44(LC-0603_R)
Add component (AddParameter): Name = "Published"; Value = "8-Jun-2000"; VariantName = "[No Variations]"
Add component (AddParameter): Name = "Publisher"; Value = "Altium Limited"; VariantName = "[No Variations]"
Add component (AddParameter): Name = "Revision"; Value = "July-2002: Re-released for DXP Platform."; VariantName = "[No Variations]"
Add component (AddParameter): Name = "Value"; Value = "101"; VariantName = "[No Variations]"
Added Component: Designator=R45(LC-0603_R)
Add component (AddParameter): Name = "Published"; Value = "8-Jun-2000"; VariantName = "[No Variations]"
Add component (AddParameter): Name = "Publisher"; Value = "Altium Limited"; VariantName = "[No Variations]"
Add component (AddParameter): Name = "Revision"; Value = "July-2002: Re-released for DXP Platform."; VariantName = "[No Variations]"
Add component (AddParameter): Name = "Value"; Value = "10K"; VariantName = "[No Variations]"
Added Component: Designator=R46(LC-0603_R)
Add component (AddParameter): Name = "Published"; Value = "8-Jun-2000"; VariantName = "[No Variations]"
Add component (AddParameter): Name = "Publisher"; Value = "Altium Limited"; VariantName = "[No Variations]"
Add component (AddParameter): Name = "Revision"; Value = "July-2002: Re-released for DXP Platform."; VariantName = "[No Variations]"
Add component (AddParameter): Name = "Value"; Value = "10K"; VariantName = "[No Variations]"
Added Component: Designator=R47(LC-0603_R)
Add component (AddParameter): Name = "Published"; Value = "8-Jun-2000"; VariantName = "[No Variations]"
Add component (AddParameter): Name = "Publisher"; Value = "Altium Limited"; VariantName = "[No Variations]"
Add component (AddParameter): Name = "Revision"; Value = "July-2002: Re-released for DXP Platform."; VariantName = "[No Variations]"
Add component (AddParameter): Name = "Value"; Value = "101"; VariantName = "[No Variations]"
Added Component: Designator=R48(LC-0603_R)
Add component (AddParameter): Name = "Published"; Value = "8-Jun-2000"; VariantName = "[No Variations]"
Add component (AddParameter): Name = "Publisher"; Value = "Altium Limited"; VariantName = "[No Variations]"
Add component (AddParameter): Name = "Revision"; Value = "July-2002: Re-released for DXP Platform."; VariantName = "[No Variations]"
Add component (AddParameter): Name = "Value"; Value = "101"; VariantName = "[No Variations]"
Added Component: Designator=R49(LC-0603_R)
Add component (AddParameter): Name = "Published"; Value = "8-Jun-2000"; VariantName = "[No Variations]"
Add component (AddParameter): Name = "Publisher"; Value = "Altium Limited"; VariantName = "[No Variations]"
Add component (AddParameter): Name = "Revision"; Value = "July-2002: Re-released for DXP Platform."; VariantName = "[No Variations]"
Add component (AddParameter): Name = "Value"; Value = "10K"; VariantName = "[No Variations]"
Added Component: Designator=R50(LC-0603_R)
Add component (AddParameter): Name = "Published"; Value = "8-Jun-2000"; VariantName = "[No Variations]"
Add component (AddParameter): Name = "Publisher"; Value = "Altium Limited"; VariantName = "[No Variations]"
Add component (AddParameter): Name = "Revision"; Value = "July-2002: Re-released for DXP Platform."; VariantName = "[No Variations]"
Add component (AddParameter): Name = "Value"; Value = "10K"; VariantName = "[No Variations]"
Added Component: Designator=R51(LC-0603_R)
Add component (AddParameter): Name = "Published"; Value = "8-Jun-2000"; VariantName = "[No Variations]"
Add component (AddParameter): Name = "Publisher"; Value = "Altium Limited"; VariantName = "[No Variations]"
Add component (AddParameter): Name = "Revision"; Value = "July-2002: Re-released for DXP Platform."; VariantName = "[No Variations]"
Add component (AddParameter): Name = "Value"; Value = "101"; VariantName = "[No Variations]"
Added Component: Designator=R52(LC-0603_R)
Add component (AddParameter): Name = "Published"; Value = "8-Jun-2000"; VariantName = "[No Variations]"
Add component (AddParameter): Name = "Publisher"; Value = "Altium Limited"; VariantName = "[No Variations]"
Add component (AddParameter): Name = "Revision"; Value = "July-2002: Re-released for DXP Platform."; VariantName = "[No Variations]"
Add component (AddParameter): Name = "Value"; Value = "101"; VariantName = "[No Variations]"
Added Component: Designator=R53(LC-0603_R)
Add component (AddParameter): Name = "LatestRevisionDate"; Value = "17-Jul-2002"; VariantName = "[No Variations]"
Add component (AddParameter): Name = "LatestRevisionNote"; Value = "Re-released for DXP Platform."; VariantName = "[No Variations]"
Add component (AddParameter): Name = "PackageReference"; Value = "AXIAL-0.4"; VariantName = "[No Variations]"
Add component (AddParameter): Name = "Published"; Value = "8-Jun-2000"; VariantName = "[No Variations]"
Add component (AddParameter): Name = "Publisher"; Value = "Altium Limited"; VariantName = "[No Variations]"
Add component (AddParameter): Name = "Value"; Value = "1.5K"; VariantName = "[No Variations]"
Added Component: Designator=R54(LC-0603_R)
Add component (AddParameter): Name = "Published"; Value = "8-Jun-2000"; VariantName = "[No Variations]"
Add component (AddParameter): Name = "Publisher"; Value = "Altium Limited"; VariantName = "[No Variations]"
Add component (AddParameter): Name = "Revision"; Value = "July-2002: Re-released for DXP Platform."; VariantName = "[No Variations]"
Add component (AddParameter): Name = "Value"; Value = "102"; VariantName = "[No Variations]"
Added Component: Designator=R55(LC-0603_R)
Add component (AddParameter): Name = "Published"; Value = "8-Jun-2000"; VariantName = "[No Variations]"
Add component (AddParameter): Name = "Publisher"; Value = "Altium Limited"; VariantName = "[No Variations]"
Add component (AddParameter): Name = "Revision"; Value = "July-2002: Re-released for DXP Platform."; VariantName = "[No Variations]"
Add component (AddParameter): Name = "Value"; Value = "10K"; VariantName = "[No Variations]"
Added Component: Designator=R56(LC-0603_R)
Add component (AddParameter): Name = "Published"; Value = "8-Jun-2000"; VariantName = "[No Variations]"
Add component (AddParameter): Name = "Publisher"; Value = "Altium Limited"; VariantName = "[No Variations]"
Add component (AddParameter): Name = "Revision"; Value = "July-2002: Re-released for DXP Platform."; VariantName = "[No Variations]"
Add component (AddParameter): Name = "Value"; Value = "10K"; VariantName = "[No Variations]"
Added Component: Designator=R57(LC-0603_R)
Add component (AddParameter): Name = "Published"; Value = "8-Jun-2000"; VariantName = "[No Variations]"
Add component (AddParameter): Name = "Publisher"; Value = "Altium Limited"; VariantName = "[No Variations]"
Add component (AddParameter): Name = "Revision"; Value = "July-2002: Re-released for DXP Platform."; VariantName = "[No Variations]"
Add component (AddParameter): Name = "Value"; Value = "102"; VariantName = "[No Variations]"
Added Component: Designator=R58(LC-0603_R)
Add component (AddParameter): Name = "Published"; Value = "8-Jun-2000"; VariantName = "[No Variations]"
Add component (AddParameter): Name = "Publisher"; Value = "Altium Limited"; VariantName = "[No Variations]"
Add component (AddParameter): Name = "Revision"; Value = "July-2002: Re-released for DXP Platform."; VariantName = "[No Variations]"
Add component (AddParameter): Name = "Value"; Value = "103"; VariantName = "[No Variations]"
Added Component: Designator=R59(LC-0603_R)
Add component (AddParameter): Name = "Published"; Value = "8-Jun-2000"; VariantName = "[No Variations]"
Add component (AddParameter): Name = "Publisher"; Value = "Altium Limited"; VariantName = "[No Variations]"
Add component (AddParameter): Name = "Revision"; Value = "July-2002: Re-released for DXP Platform."; VariantName = "[No Variations]"
Add component (AddParameter): Name = "Value"; Value = "10K"; VariantName = "[No Variations]"
Added Component: Designator=R60(LC-0603_R)
Add component (AddParameter): Name = "Published"; Value = "8-Jun-2000"; VariantName = "[No Variations]"
Add component (AddParameter): Name = "Publisher"; Value = "Altium Limited"; VariantName = "[No Variations]"
Add component (AddParameter): Name = "Revision"; Value = "July-2002: Re-released for DXP Platform."; VariantName = "[No Variations]"
Add component (AddParameter): Name = "Value"; Value = "10K"; VariantName = "[No Variations]"
Added Component: Designator=R61(LC-0805_R)
Add component (AddParameter): Name = "LatestRevisionDate"; Value = "17-Jul-2002"; VariantName = "[No Variations]"
Add component (AddParameter): Name = "LatestRevisionNote"; Value = "Re-released for DXP Platform."; VariantName = "[No Variations]"
Add component (AddParameter): Name = "PackageReference"; Value = "AXIAL-0.4"; VariantName = "[No Variations]"
Add component (AddParameter): Name = "Published"; Value = "8-Jun-2000"; VariantName = "[No Variations]"
Add component (AddParameter): Name = "Publisher"; Value = "Altium Limited"; VariantName = "[No Variations]"
Add component (AddParameter): Name = "Value"; Value = "10K"; VariantName = "[No Variations]"
Added Component: Designator=U3(LQFP64 10x10_N)
Add component (AddParameter): Name = "Brand"; Value = "ST"; VariantName = "[No Variations]"
Add component (AddParameter): Name = "Code"; Value = "104261"; VariantName = "[No Variations]"
Add component (AddParameter): Name = "InitialReleaseDate"; Value = "25-Mar-2015"; VariantName = "[No Variations]"
Add component (AddParameter): Name = "LatestRevisionDate"; Value = "25-Mar-2015"; VariantName = "[No Variations]"
Add component (AddParameter): Name = "PackageReference"; Value = "SQFP10x10-64"; VariantName = "[No Variations]"
Add component (AddParameter): Name = "PartNumber"; Value = ""; VariantName = "[No Variations]"
Add component (AddParameter): Name = "Value"; Value = "STM32F205RET6"; VariantName = "[No Variations]"
Add component (AddParameter): Name = "Vision"; Value = "V5.0"; VariantName = "[No Variations]"
Added Component: Designator=U4(LC-SOT-223)
Added Component: Designator=X2(3脚晶振)
Add component (AddParameter): Name = "BOM名称"; Value = "2脚晶振"; VariantName = "[No Variations]"
Add component (AddParameter): Name = "学习资源"; Value = "www.ooocke.com"; VariantName = "[No Variations]"
Add component (AddParameter): Name = "版权归属"; Value = "源创客"; VariantName = "[No Variations]"
Added Pin To Net: NetName=GND Pin=C3-1
Added Pin To Net: NetName=5V Pin=C3-2
Added Pin To Net: NetName=GND Pin=C4-1
Added Pin To Net: NetName=3V3 Pin=C4-2
Added Pin To Net: NetName=GND Pin=C12-2
Added Pin To Net: NetName=GND Pin=C13-1
Added Pin To Net: NetName=GND Pin=C14-1
Added Pin To Net: NetName=USB_DM Pin=D4-1
Added Pin To Net: NetName=GND Pin=D4-2
Added Pin To Net: NetName=USB_DP Pin=D4-3
Added Pin To Net: NetName=USB_DP_IN Pin=D4-4
Added Pin To Net: NetName=5V Pin=D4-5
Added Pin To Net: NetName=USB_DM_IN Pin=D4-6
Added Pin To Net: NetName=3V3 Pin=D5-A
Added Pin To Net: NetName=3V3 Pin=D6-A
Added Pin To Net: NetName=GND Pin=J2-A1
Added Pin To Net: NetName=5V_IN Pin=J2-A4
Added Pin To Net: NetName=USB_DP Pin=J2-A6
Added Pin To Net: NetName=USB_DM Pin=J2-A7
Added Pin To Net: NetName=5V_IN Pin=J2-A9
Added Pin To Net: NetName=GND Pin=J2-A12
Added Pin To Net: NetName=GND Pin=J2-B1
Added Pin To Net: NetName=5V_IN Pin=J2-B4
Added Pin To Net: NetName=USB_DP Pin=J2-B6
Added Pin To Net: NetName=USB_DM Pin=J2-B7
Added Pin To Net: NetName=5V_IN Pin=J2-B9
Added Pin To Net: NetName=GND Pin=J2-B12
Added Pin To Net: NetName=3V3 Pin=P1-1
Added Pin To Net: NetName=5V Pin=P1-2
Added Pin To Net: NetName=TMS Pin=P1-3
Added Pin To Net: NetName=GND Pin=P1-4
Added Pin To Net: NetName=TCK Pin=P1-5
Added Pin To Net: NetName=RXD Pin=P1-6
Added Pin To Net: NetName=GND Pin=P1-7
Added Pin To Net: NetName=TDI-Y Pin=P1-8
Added Pin To Net: NetName=RST Pin=P1-9
Added Pin To Net: NetName=TDO Pin=P1-10
Added Pin To Net: NetName=PC7 Pin=R33-1
Added Pin To Net: NetName=TDO Pin=R33-2
Added Pin To Net: NetName=PB15 Pin=R34-1
Added Pin To Net: NetName=TDO Pin=R34-2
Added Pin To Net: NetName=GND Pin=R35-1
Added Pin To Net: NetName=TDO Pin=R35-2
Added Pin To Net: NetName=PA8 Pin=R36-1
Added Pin To Net: NetName=TDI-Y Pin=R36-2
Added Pin To Net: NetName=PB14 Pin=R37-1
Added Pin To Net: NetName=TDI-Y Pin=R37-2
Added Pin To Net: NetName=GND Pin=R38-1
Added Pin To Net: NetName=TDI-Y Pin=R38-2
Added Pin To Net: NetName=PB2 Pin=R39-1
Added Pin To Net: NetName=RXD Pin=R39-2
Added Pin To Net: NetName=3V3 Pin=R40-1
Added Pin To Net: NetName=RXD Pin=R40-2
Added Pin To Net: NetName=GND Pin=R41-1
Added Pin To Net: NetName=RXD Pin=R41-2
Added Pin To Net: NetName=PA7 Pin=R42-1
Added Pin To Net: NetName=TMS Pin=R42-2
Added Pin To Net: NetName=GND Pin=R43-1
Added Pin To Net: NetName=PA6 Pin=R44-1
Added Pin To Net: NetName=TMS Pin=R44-2
Added Pin To Net: NetName=GND Pin=R45-1
Added Pin To Net: NetName=TMS Pin=R45-2
Added Pin To Net: NetName=3V3 Pin=R46-1
Added Pin To Net: NetName=PC9 Pin=R47-1
Added Pin To Net: NetName=TCK Pin=R47-2
Added Pin To Net: NetName=PA5 Pin=R48-1
Added Pin To Net: NetName=TCK Pin=R48-2
Added Pin To Net: NetName=GND Pin=R49-1
Added Pin To Net: NetName=TCK Pin=R49-2
Added Pin To Net: NetName=3V3 Pin=R50-1
Added Pin To Net: NetName=RST Pin=R50-2
Added Pin To Net: NetName=PC5 Pin=R51-1
Added Pin To Net: NetName=RST Pin=R51-2
Added Pin To Net: NetName=RST Pin=R52-2
Added Pin To Net: NetName=3V3 Pin=R53-1
Added Pin To Net: NetName=USB_DP Pin=R53-2
Added Pin To Net: NetName=LED Pin=R54-1
Added Pin To Net: NetName=GND Pin=R55-1
Added Pin To Net: NetName=PC0 Pin=R55-2
Added Pin To Net: NetName=PC0 Pin=R56-1
Added Pin To Net: NetName=3V3 Pin=R56-2
Added Pin To Net: NetName=GND Pin=R57-1
Added Pin To Net: NetName=GND Pin=R58-1
Added Pin To Net: NetName=PC3 Pin=R58-2
Added Pin To Net: NetName=PC3 Pin=R59-1
Added Pin To Net: NetName=5V Pin=R59-2
Added Pin To Net: NetName=PB1 Pin=R60-1
Added Pin To Net: NetName=3V3 Pin=R60-2
Added Pin To Net: NetName=5V Pin=R61-1
Added Pin To Net: NetName=5V_IN Pin=R61-2
Added Pin To Net: NetName=OSC1 Pin=U3-5
Added Pin To Net: NetName=OSC2 Pin=U3-6
Added Pin To Net: NetName=PC0 Pin=U3-8
Added Pin To Net: NetName=PC3 Pin=U3-11
Added Pin To Net: NetName=GND Pin=U3-12
Added Pin To Net: NetName=3V3 Pin=U3-13
Added Pin To Net: NetName=GND Pin=U3-14
Added Pin To Net: NetName=GND Pin=U3-18
Added Pin To Net: NetName=3V3 Pin=U3-19
Added Pin To Net: NetName=GND Pin=U3-20
Added Pin To Net: NetName=PA5 Pin=U3-21
Added Pin To Net: NetName=PA6 Pin=U3-22
Added Pin To Net: NetName=PA7 Pin=U3-23
Added Pin To Net: NetName=PC5 Pin=U3-25
Added Pin To Net: NetName=PB1 Pin=U3-27
Added Pin To Net: NetName=PB2 Pin=U3-28
Added Pin To Net: NetName=LED Pin=U3-30
Added Pin To Net: NetName=3V3 Pin=U3-32
Added Pin To Net: NetName=PB1 Pin=U3-33
Added Pin To Net: NetName=PA5 Pin=U3-34
Added Pin To Net: NetName=PB14 Pin=U3-35
Added Pin To Net: NetName=PB15 Pin=U3-36
Added Pin To Net: NetName=PA5 Pin=U3-37
Added Pin To Net: NetName=PC7 Pin=U3-38
Added Pin To Net: NetName=PC8 Pin=U3-39
Added Pin To Net: NetName=PC9 Pin=U3-40
Added Pin To Net: NetName=PA8 Pin=U3-41
Added Pin To Net: NetName=PA10 Pin=U3-43
Added Pin To Net: NetName=USB_DM_IN Pin=U3-44
Added Pin To Net: NetName=USB_DP_IN Pin=U3-45
Added Pin To Net: NetName=3V3 Pin=U3-48
Added Pin To Net: NetName=PB8 Pin=U3-61
Added Pin To Net: NetName=GND Pin=U3-63
Added Pin To Net: NetName=3V3 Pin=U3-64
Added Pin To Net: NetName=GND Pin=U4-1
Added Pin To Net: NetName=3V3 Pin=U4-2
Added Pin To Net: NetName=3V3 Pin=U4-2
Added Pin To Net: NetName=5V Pin=U4-3
Added Pin To Net: NetName=OSC1 Pin=X2-1
Added Pin To Net: NetName=OSC2 Pin=X2-2
Added Pin To Net: NetName=GND Pin=X2-3
Added Pin To Net: NetName=NetC12_1 Pin=C12-1
Added Pin To Net: NetName=NetC12_1 Pin=R46-2
Added Pin To Net: NetName=NetC12_1 Pin=U3-7
Added Net: Name=NetC12_1
Added Pin To Net: NetName=NetC13_2 Pin=C13-2
Added Pin To Net: NetName=NetC13_2 Pin=U3-31
Added Net: Name=NetC13_2
Added Pin To Net: NetName=NetC14_2 Pin=C14-2
Added Pin To Net: NetName=NetC14_2 Pin=U3-47
Added Net: Name=NetC14_2
Added Pin To Net: NetName=NetD5_K Pin=D5-K
Added Pin To Net: NetName=NetD5_K Pin=R54-2
Added Net: Name=NetD5_K
Added Pin To Net: NetName=NetD6_K Pin=D6-K
Added Pin To Net: NetName=NetD6_K Pin=R57-2
Added Net: Name=NetD6_K
Added Pin To Net: NetName=NetJ2_0 Pin=J2-0
Added Pin To Net: NetName=NetJ2_0 Pin=J2-0
Added Net: Name=NetJ2_0
Added Pin To Net: NetName=NetQ1_3 Pin=R52-1
Added Net: Name=NetQ1_3
Added Pin To Net: NetName=NetR43_2 Pin=R43-2
Added Pin To Net: NetName=NetR43_2 Pin=U3-60
Added Net: Name=NetR43_2
Added Class: Name=JlinkV9_RST
Added Room: Name=JlinkV9_RST
