Added Component: Designator=C3(LC-0603_C)
Add component (AddParameter): Name = "Published"; Value = "8-Jun-2000"; VariantName = "[No Variations]"
Add component (AddParameter): Name = "Publisher"; Value = "Altium Limited"; VariantName = "[No Variations]"
Add component (AddParameter): Name = "Revision"; Value = "July-2002: Re-released for DXP Platform."; VariantName = "[No Variations]"
Add component (AddParameter): Name = "Value"; Value = "104"; VariantName = "[No Variations]"
Added Component: Designator=C4(LC-0603_C)
Add component (AddParameter): Name = "Published"; Value = "8-Jun-2000"; VariantName = "[No Variations]"
Add component (AddParameter): Name = "Publisher"; Value = "Altium Limited"; VariantName = "[No Variations]"
Add component (AddParameter): Name = "Revision"; Value = "July-2002: Re-released for DXP Platform."; VariantName = "[No Variations]"
Add component (AddParameter): Name = "Value"; Value = "104"; VariantName = "[No Variations]"
Added Component: Designator=C12(LC-0603_C)
Add component (AddParameter): Name = "Published"; Value = "8-Jun-2000"; VariantName = "[No Variations]"
Add component (AddParameter): Name = "Publisher"; Value = "Altium Limited"; VariantName = "[No Variations]"
Add component (AddParameter): Name = "Revision"; Value = "July-2002: Re-released for DXP Platform."; VariantName = "[No Variations]"
Add component (AddParameter): Name = "Value"; Value = "104"; VariantName = "[No Variations]"
Added Component: Designator=C13(LC-0603_C)
Add component (AddParameter): Name = "Published"; Value = "8-Jun-2000"; VariantName = "[No Variations]"
Add component (AddParameter): Name = "Publisher"; Value = "Altium Limited"; VariantName = "[No Variations]"
Add component (AddParameter): Name = "Revision"; Value = "July-2002: Re-released for DXP Platform."; VariantName = "[No Variations]"
Add component (AddParameter): Name = "Value"; Value = "2.2uf"; VariantName = "[No Variations]"
Added Component: Designator=C14(LC-0603_C)
Add component (AddParameter): Name = "Published"; Value = "8-Jun-2000"; VariantName = "[No Variations]"
Add component (AddParameter): Name = "Publisher"; Value = "Altium Limited"; VariantName = "[No Variations]"
Add component (AddParameter): Name = "Revision"; Value = "July-2002: Re-released for DXP Platform."; VariantName = "[No Variations]"
Add component (AddParameter): Name = "Value"; Value = "2.2uf"; VariantName = "[No Variations]"
Added Component: Designator=D4(SOT23-6N)
Add component (AddParameter): Name = "BOM名称"; Value = "钳位IC"; VariantName = "[No Variations]"
Add component (AddParameter): Name = "学习资源"; Value = "www.ooocke.com"; VariantName = "[No Variations]"
Add component (AddParameter): Name = "属性"; Value = "30V/0.2A"; VariantName = "[No Variations]"
Add component (AddParameter): Name = "版权归属"; Value = "源创客"; VariantName = "[No Variations]"
Added Component: Designator=D5(0603_LED_S1)
Add component (AddParameter): Name = "ComponentLink1Description"; Value = "供应商链接"; VariantName = "[No Variations]"
Add component (AddParameter): Name = "ComponentLink1URL"; Value = "http://www.szlcsc.com/product/details_2663.html"; VariantName = "[No Variations]"
Add component (AddParameter): Name = "Package"; Value = "0603"; VariantName = "[No Variations]"
Add component (AddParameter): Name = "Supplier"; Value = "LC"; VariantName = "[No Variations]"
Add component (AddParameter): Name = "SuppliersPartNumber"; Value = "C2290"; VariantName = "[No Variations]"
Added Component: Designator=D6(0603_LED_S1)
Add component (AddParameter): Name = "ComponentLink1Description"; Value = "供应商链接"; VariantName = "[No Variations]"
Add component (AddParameter): Name = "ComponentLink1URL"; Value = "http://www.szlcsc.com/product/details_2663.html"; VariantName = "[No Variations]"
Add component (AddParameter): Name = "Package"; Value = "0603"; VariantName = "[No Variations]"
Add component (AddParameter): Name = "Supplier"; Value = "LC"; VariantName = "[No Variations]"
Add component (AddParameter): Name = "SuppliersPartNumber"; Value = "C2290"; VariantName = "[No Variations]"
Added Component: Designator=J2(USB Type-C-16Pin_A)
Added Component: Designator=P1(300S-2*5P 2.54MM_2)
Add component (AddParameter): Name = "LatestRevisionDate"; Value = "17-Jul-2002"; VariantName = "[No Variations]"
Add component (AddParameter): Name = "LatestRevisionNote"; Value = "Re-released for DXP Platform."; VariantName = "[No Variations]"
Add component (AddParameter): Name = "Publisher"; Value = "Altium Limited"; VariantName = "[No Variations]"
Added Component: Designator=Q1(SOT23-3N)
Add component (AddParameter): Name = "BOM名称"; Value = "高频放大-NPN型"; VariantName = "[No Variations]"
Add component (AddParameter): Name = "学习资源"; Value = "www.ooocke.com"; VariantName = "[No Variations]"
Add component (AddParameter): Name = "属性"; Value = "40V 1.5A 1W 100MHZ"; VariantName = "[No Variations]"
Add component (AddParameter): Name = "版权归属"; Value = "源创客"; VariantName = "[No Variations]"
Added Component: Designator=R33(LC-0603_R)
Add component (AddParameter): Name = "Published"; Value = "8-Jun-2000"; VariantName = "[No Variations]"
Add component (AddParameter): Name = "Publisher"; Value = "Altium Limited"; VariantName = "[No Variations]"
Add component (AddParameter): Name = "Revision"; Value = "July-2002: Re-released for DXP Platform."; VariantName = "[No Variations]"
Add component (AddParameter): Name = "Value"; Value = "101"; VariantName = "[No Variations]"
Added Component: Designator=R34(LC-0603_R)
Add component (AddParameter): Name = "Published"; Value = "8-Jun-2000"; VariantName = "[No Variations]"
Add component (AddParameter): Name = "Publisher"; Value = "Altium Limited"; VariantName = "[No Variations]"
Add component (AddParameter): Name = "Revision"; Value = "July-2002: Re-released for DXP Platform."; VariantName = "[No Variations]"
Add component (AddParameter): Name = "Value"; Value = "101"; VariantName = "[No Variations]"
Added Component: Designator=R35(LC-0603_R)
Add component (AddParameter): Name = "Published"; Value = "8-Jun-2000"; VariantName = "[No Variations]"
Add component (AddParameter): Name = "Publisher"; Value = "Altium Limited"; VariantName = "[No Variations]"
Add component (AddParameter): Name = "Revision"; Value = "July-2002: Re-released for DXP Platform."; VariantName = "[No Variations]"
Add component (AddParameter): Name = "Value"; Value = "220K"; VariantName = "[No Variations]"
Added Component: Designator=R36(LC-0603_R)
Add component (AddParameter): Name = "Published"; Value = "8-Jun-2000"; VariantName = "[No Variations]"
Add component (AddParameter): Name = "Publisher"; Value = "Altium Limited"; VariantName = "[No Variations]"
Add component (AddParameter): Name = "Revision"; Value = "July-2002: Re-released for DXP Platform."; VariantName = "[No Variations]"
Add component (AddParameter): Name = "Value"; Value = "101"; VariantName = "[No Variations]"
Added Component: Designator=R37(LC-0603_R)
Add component (AddParameter): Name = "Published"; Value = "8-Jun-2000"; VariantName = "[No Variations]"
Add component (AddParameter): Name = "Publisher"; Value = "Altium Limited"; VariantName = "[No Variations]"
Add component (AddParameter): Name = "Revision"; Value = "July-2002: Re-released for DXP Platform."; VariantName = "[No Variations]"
Add component (AddParameter): Name = "Value"; Value = "101"; VariantName = "[No Variations]"
Added Component: Designator=R38(LC-0603_R)
Add component (AddParameter): Name = "Published"; Value = "8-Jun-2000"; VariantName = "[No Variations]"
Add component (AddParameter): Name = "Publisher"; Value = "Altium Limited"; VariantName = "[No Variations]"
Add component (AddParameter): Name = "Revision"; Value = "July-2002: Re-released for DXP Platform."; VariantName = "[No Variations]"
Add component (AddParameter): Name = "Value"; Value = "10K"; VariantName = "[No Variations]"
Added Component: Designator=R39(LC-0603_R)
Add component (AddParameter): Name = "Published"; Value = "8-Jun-2000"; VariantName = "[No Variations]"
Add component (AddParameter): Name = "Publisher"; Value = "Altium Limited"; VariantName = "[No Variations]"
Add component (AddParameter): Name = "Revision"; Value = "July-2002: Re-released for DXP Platform."; VariantName = "[No Variations]"
Add component (AddParameter): Name = "Value"; Value = "101"; VariantName = "[No Variations]"
Added Component: Designator=R40(LC-0603_R)
Add component (AddParameter): Name = "Published"; Value = "8-Jun-2000"; VariantName = "[No Variations]"
Add component (AddParameter): Name = "Publisher"; Value = "Altium Limited"; VariantName = "[No Variations]"
Add component (AddParameter): Name = "Revision"; Value = "July-2002: Re-released for DXP Platform."; VariantName = "[No Variations]"
Add component (AddParameter): Name = "Value"; Value = "10K"; VariantName = "[No Variations]"
Added Component: Designator=R41(LC-0603_R)
Add component (AddParameter): Name = "Published"; Value = "8-Jun-2000"; VariantName = "[No Variations]"
Add component (AddParameter): Name = "Publisher"; Value = "Altium Limited"; VariantName = "[No Variations]"
Add component (AddParameter): Name = "Revision"; Value = "July-2002: Re-released for DXP Platform."; VariantName = "[No Variations]"
Add component (AddParameter): Name = "Value"; Value = "10K"; VariantName = "[No Variations]"
Added Component: Designator=R42(LC-0603_R)
Add component (AddParameter): Name = "Published"; Value = "8-Jun-2000"; VariantName = "[No Variations]"
Add component (AddParameter): Name = "Publisher"; Value = "Altium Limited"; VariantName = "[No Variations]"
Add component (AddParameter): Name = "Revision"; Value = "July-2002: Re-released for DXP Platform."; VariantName = "[No Variations]"
Add component (AddParameter): Name = "Value"; Value = "101"; VariantName = "[No Variations]"
Added Component: Designator=R43(LC-0603_R)
Add component (AddParameter): Name = "Published"; Value = "8-Jun-2000"; VariantName = "[No Variations]"
Add component (AddParameter): Name = "Publisher"; Value = "Altium Limited"; VariantName = "[No Variations]"
Add component (AddParameter): Name = "Revision"; Value = "July-2002: Re-released for DXP Platform."; VariantName = "[No Variations]"
Add component (AddParameter): Name = "Value"; Value = "10K."; VariantName = "[No Variations]"
Added Component: Designator=R44(LC-0603_R)
Add component (AddParameter): Name = "Published"; Value = "8-Jun-2000"; VariantName = "[No Variations]"
Add component (AddParameter): Name = "Publisher"; Value = "Altium Limited"; VariantName = "[No Variations]"
Add component (AddParameter): Name = "Revision"; Value = "July-2002: Re-released for DXP Platform."; VariantName = "[No Variations]"
Add component (AddParameter): Name = "Value"; Value = "101"; VariantName = "[No Variations]"
Added Component: Designator=R45(LC-0603_R)
Add component (AddParameter): Name = "Published"; Value = "8-Jun-2000"; VariantName = "[No Variations]"
Add component (AddParameter): Name = "Publisher"; Value = "Altium Limited"; VariantName = "[No Variations]"
Add component (AddParameter): Name = "Revision"; Value = "July-2002: Re-released for DXP Platform."; VariantName = "[No Variations]"
Add component (AddParameter): Name = "Value"; Value = "10K"; VariantName = "[No Variations]"
Added Component: Designator=R46(LC-0603_R)
Add component (AddParameter): Name = "Published"; Value = "8-Jun-2000"; VariantName = "[No Variations]"
Add component (AddParameter): Name = "Publisher"; Value = "Altium Limited"; VariantName = "[No Variations]"
Add component (AddParameter): Name = "Revision"; Value = "July-2002: Re-released for DXP Platform."; VariantName = "[No Variations]"
Add component (AddParameter): Name = "Value"; Value = "10K"; VariantName = "[No Variations]"
Added Component: Designator=R47(LC-0603_R)
Add component (AddParameter): Name = "Published"; Value = "8-Jun-2000"; VariantName = "[No Variations]"
Add component (AddParameter): Name = "Publisher"; Value = "Altium Limited"; VariantName = "[No Variations]"
Add component (AddParameter): Name = "Revision"; Value = "July-2002: Re-released for DXP Platform."; VariantName = "[No Variations]"
Add component (AddParameter): Name = "Value"; Value = "101"; VariantName = "[No Variations]"
Added Component: Designator=R48(LC-0603_R)
Add component (AddParameter): Name = "Published"; Value = "8-Jun-2000"; VariantName = "[No Variations]"
Add component (AddParameter): Name = "Publisher"; Value = "Altium Limited"; VariantName = "[No Variations]"
Add component (AddParameter): Name = "Revision"; Value = "July-2002: Re-released for DXP Platform."; VariantName = "[No Variations]"
Add component (AddParameter): Name = "Value"; Value = "101"; VariantName = "[No Variations]"
Added Component: Designator=R49(LC-0603_R)
Add component (AddParameter): Name = "Published"; Value = "8-Jun-2000"; VariantName = "[No Variations]"
Add component (AddParameter): Name = "Publisher"; Value = "Altium Limited"; VariantName = "[No Variations]"
Add component (AddParameter): Name = "Revision"; Value = "July-2002: Re-released for DXP Platform."; VariantName = "[No Variations]"
Add component (AddParameter): Name = "Value"; Value = "10K"; VariantName = "[No Variations]"
Added Component: Designator=R50(LC-0603_R)
Add component (AddParameter): Name = "Published"; Value = "8-Jun-2000"; VariantName = "[No Variations]"
Add component (AddParameter): Name = "Publisher"; Value = "Altium Limited"; VariantName = "[No Variations]"
Add component (AddParameter): Name = "Revision"; Value = "July-2002: Re-released for DXP Platform."; VariantName = "[No Variations]"
Add component (AddParameter): Name = "Value"; Value = "10K"; VariantName = "[No Variations]"
Added Component: Designator=R51(LC-0603_R)
Add component (AddParameter): Name = "Published"; Value = "8-Jun-2000"; VariantName = "[No Variations]"
Add component (AddParameter): Name = "Publisher"; Value = "Altium Limited"; VariantName = "[No Variations]"
Add component (AddParameter): Name = "Revision"; Value = "July-2002: Re-released for DXP Platform."; VariantName = "[No Variations]"
Add component (AddParameter): Name = "Value"; Value = "101"; VariantName = "[No Variations]"
Added Component: Designator=R52(LC-0603_R)
Add component (AddParameter): Name = "Published"; Value = "8-Jun-2000"; VariantName = "[No Variations]"
Add component (AddParameter): Name = "Publisher"; Value = "Altium Limited"; VariantName = "[No Variations]"
Add component (AddParameter): Name = "Revision"; Value = "July-2002: Re-released for DXP Platform."; VariantName = "[No Variations]"
Add component (AddParameter): Name = "Value"; Value = "101"; VariantName = "[No Variations]"
Added Component: Designator=R53(LC-0603_R)
Add component (AddParameter): Name = "LatestRevisionDate"; Value = "17-Jul-2002"; VariantName = "[No Variations]"
Add component (AddParameter): Name = "LatestRevisionNote"; Value = "Re-released for DXP Platform."; VariantName = "[No Variations]"
Add component (AddParameter): Name = "PackageReference"; Value = "AXIAL-0.4"; VariantName = "[No Variations]"
Add component (AddParameter): Name = "Published"; Value = "8-Jun-2000"; VariantName = "[No Variations]"
Add component (AddParameter): Name = "Publisher"; Value = "Altium Limited"; VariantName = "[No Variations]"
Add component (AddParameter): Name = "Value"; Value = "1.5K"; VariantName = "[No Variations]"
Added Component: Designator=R54(LC-0603_R)
Add component (AddParameter): Name = "Published"; Value = "8-Jun-2000"; VariantName = "[No Variations]"
Add component (AddParameter): Name = "Publisher"; Value = "Altium Limited"; VariantName = "[No Variations]"
Add component (AddParameter): Name = "Revision"; Value = "July-2002: Re-released for DXP Platform."; VariantName = "[No Variations]"
Add component (AddParameter): Name = "Value"; Value = "102"; VariantName = "[No Variations]"
Added Component: Designator=R55(LC-0603_R)
Add component (AddParameter): Name = "Published"; Value = "8-Jun-2000"; VariantName = "[No Variations]"
Add component (AddParameter): Name = "Publisher"; Value = "Altium Limited"; VariantName = "[No Variations]"
Add component (AddParameter): Name = "Revision"; Value = "July-2002: Re-released for DXP Platform."; VariantName = "[No Variations]"
Add component (AddParameter): Name = "Value"; Value = "10K"; VariantName = "[No Variations]"
Added Component: Designator=R56(LC-0603_R)
Add component (AddParameter): Name = "Published"; Value = "8-Jun-2000"; VariantName = "[No Variations]"
Add component (AddParameter): Name = "Publisher"; Value = "Altium Limited"; VariantName = "[No Variations]"
Add component (AddParameter): Name = "Revision"; Value = "July-2002: Re-released for DXP Platform."; VariantName = "[No Variations]"
Add component (AddParameter): Name = "Value"; Value = "10K"; VariantName = "[No Variations]"
Added Component: Designator=R57(LC-0603_R)
Add component (AddParameter): Name = "Published"; Value = "8-Jun-2000"; VariantName = "[No Variations]"
Add component (AddParameter): Name = "Publisher"; Value = "Altium Limited"; VariantName = "[No Variations]"
Add component (AddParameter): Name = "Revision"; Value = "July-2002: Re-released for DXP Platform."; VariantName = "[No Variations]"
Add component (AddParameter): Name = "Value"; Value = "102"; VariantName = "[No Variations]"
Added Component: Designator=R58(LC-0603_R)
Add component (AddParameter): Name = "Published"; Value = "8-Jun-2000"; VariantName = "[No Variations]"
Add component (AddParameter): Name = "Publisher"; Value = "Altium Limited"; VariantName = "[No Variations]"
Add component (AddParameter): Name = "Revision"; Value = "July-2002: Re-released for DXP Platform."; VariantName = "[No Variations]"
Add component (AddParameter): Name = "Value"; Value = "103"; VariantName = "[No Variations]"
Added Component: Designator=R59(LC-0603_R)
Add component (AddParameter): Name = "Published"; Value = "8-Jun-2000"; VariantName = "[No Variations]"
Add component (AddParameter): Name = "Publisher"; Value = "Altium Limited"; VariantName = "[No Variations]"
Add component (AddParameter): Name = "Revision"; Value = "July-2002: Re-released for DXP Platform."; VariantName = "[No Variations]"
Add component (AddParameter): Name = "Value"; Value = "10K"; VariantName = "[No Variations]"
Added Component: Designator=R60(LC-0603_R)
Add component (AddParameter): Name = "Published"; Value = "8-Jun-2000"; VariantName = "[No Variations]"
Add component (AddParameter): Name = "Publisher"; Value = "Altium Limited"; VariantName = "[No Variations]"
Add component (AddParameter): Name = "Revision"; Value = "July-2002: Re-released for DXP Platform."; VariantName = "[No Variations]"
Add component (AddParameter): Name = "Value"; Value = "10K"; VariantName = "[No Variations]"
Added Component: Designator=R61(LC-0805_R)
Add component (AddParameter): Name = "LatestRevisionDate"; Value = "17-Jul-2002"; VariantName = "[No Variations]"
Add component (AddParameter): Name = "LatestRevisionNote"; Value = "Re-released for DXP Platform."; VariantName = "[No Variations]"
Add component (AddParameter): Name = "PackageReference"; Value = "AXIAL-0.4"; VariantName = "[No Variations]"
Add component (AddParameter): Name = "Published"; Value = "8-Jun-2000"; VariantName = "[No Variations]"
Add component (AddParameter): Name = "Publisher"; Value = "Altium Limited"; VariantName = "[No Variations]"
Add component (AddParameter): Name = "Value"; Value = "10K"; VariantName = "[No Variations]"
Added Component: Designator=U3(LQFP64 10x10_N)
Add component (AddParameter): Name = "Brand"; Value = "ST"; VariantName = "[No Variations]"
Add component (AddParameter): Name = "Code"; Value = "104261"; VariantName = "[No Variations]"
Add component (AddParameter): Name = "InitialReleaseDate"; Value = "25-Mar-2015"; VariantName = "[No Variations]"
Add component (AddParameter): Name = "LatestRevisionDate"; Value = "25-Mar-2015"; VariantName = "[No Variations]"
Add component (AddParameter): Name = "PackageReference"; Value = "SQFP10x10-64"; VariantName = "[No Variations]"
Add component (AddParameter): Name = "PartNumber"; Value = ""; VariantName = "[No Variations]"
Add component (AddParameter): Name = "Value"; Value = "STM32F205RET6"; VariantName = "[No Variations]"
Add component (AddParameter): Name = "Vision"; Value = "V5.0"; VariantName = "[No Variations]"
Added Component: Designator=U4(LC-SOT-223)
Added Component: Designator=X2(3脚晶振)
Add component (AddParameter): Name = "BOM名称"; Value = "2脚晶振"; VariantName = "[No Variations]"
Add component (AddParameter): Name = "学习资源"; Value = "www.ooocke.com"; VariantName = "[No Variations]"
Add component (AddParameter): Name = "版权归属"; Value = "源创客"; VariantName = "[No Variations]"
Added Pin To Net: NetName=3V3 Pin=C4-2
Added Pin To Net: NetName=3V3 Pin=D5-A
Added Pin To Net: NetName=3V3 Pin=D6-A
Added Pin To Net: NetName=3V3 Pin=P1-1
Added Pin To Net: NetName=3V3 Pin=R40-1
Added Pin To Net: NetName=3V3 Pin=R46-1
Added Pin To Net: NetName=3V3 Pin=R50-1
Added Pin To Net: NetName=3V3 Pin=R53-1
Added Pin To Net: NetName=3V3 Pin=R56-2
Added Pin To Net: NetName=3V3 Pin=R60-2
Added Pin To Net: NetName=3V3 Pin=U3-13
Added Pin To Net: NetName=3V3 Pin=U3-19
Added Pin To Net: NetName=3V3 Pin=U3-32
Added Pin To Net: NetName=3V3 Pin=U3-48
Added Pin To Net: NetName=3V3 Pin=U3-64
Added Pin To Net: NetName=3V3 Pin=U4-2
Added Pin To Net: NetName=3V3 Pin=U4-2
Added Net: Name=3V3
Added Pin To Net: NetName=5V_IN Pin=J2-A4
Added Pin To Net: NetName=5V_IN Pin=J2-A9
Added Pin To Net: NetName=5V_IN Pin=J2-B4
Added Pin To Net: NetName=5V_IN Pin=J2-B9
Added Pin To Net: NetName=5V_IN Pin=R61-2
Added Net: Name=5V_IN
Added Pin To Net: NetName=5V Pin=C3-2
Added Pin To Net: NetName=5V Pin=D4-5
Added Pin To Net: NetName=5V Pin=P1-2
Added Pin To Net: NetName=5V Pin=R59-2
Added Pin To Net: NetName=5V Pin=R61-1
Added Pin To Net: NetName=5V Pin=U4-3
Added Net: Name=5V
Added Pin To Net: NetName=GND Pin=C3-1
Added Pin To Net: NetName=GND Pin=C4-1
Added Pin To Net: NetName=GND Pin=C12-2
Added Pin To Net: NetName=GND Pin=C13-1
Added Pin To Net: NetName=GND Pin=C14-1
Added Pin To Net: NetName=GND Pin=D4-2
Added Pin To Net: NetName=GND Pin=J2-A1
Added Pin To Net: NetName=GND Pin=J2-A12
Added Pin To Net: NetName=GND Pin=J2-B1
Added Pin To Net: NetName=GND Pin=J2-B12
Added Pin To Net: NetName=GND Pin=P1-4
Added Pin To Net: NetName=GND Pin=P1-7
Added Pin To Net: NetName=GND Pin=Q1-2
Added Pin To Net: NetName=GND Pin=R35-1
Added Pin To Net: NetName=GND Pin=R38-1
Added Pin To Net: NetName=GND Pin=R41-1
Added Pin To Net: NetName=GND Pin=R43-1
Added Pin To Net: NetName=GND Pin=R45-1
Added Pin To Net: NetName=GND Pin=R49-1
Added Pin To Net: NetName=GND Pin=R55-1
Added Pin To Net: NetName=GND Pin=R57-1
Added Pin To Net: NetName=GND Pin=R58-1
Added Pin To Net: NetName=GND Pin=U3-12
Added Pin To Net: NetName=GND Pin=U3-14
Added Pin To Net: NetName=GND Pin=U3-18
Added Pin To Net: NetName=GND Pin=U3-20
Added Pin To Net: NetName=GND Pin=U3-63
Added Pin To Net: NetName=GND Pin=U4-1
Added Pin To Net: NetName=GND Pin=X2-3
Added Net: Name=GND
Added Pin To Net: NetName=LED Pin=R54-1
Added Pin To Net: NetName=LED Pin=U3-30
Added Net: Name=LED
Added Pin To Net: NetName=NetC12_1 Pin=C12-1
Added Pin To Net: NetName=NetC12_1 Pin=R46-2
Added Pin To Net: NetName=NetC12_1 Pin=U3-7
Added Net: Name=NetC12_1
Added Pin To Net: NetName=NetC13_2 Pin=C13-2
Added Pin To Net: NetName=NetC13_2 Pin=U3-31
Added Net: Name=NetC13_2
Added Pin To Net: NetName=NetC14_2 Pin=C14-2
Added Pin To Net: NetName=NetC14_2 Pin=U3-47
Added Net: Name=NetC14_2
Added Pin To Net: NetName=NetD5_K Pin=D5-K
Added Pin To Net: NetName=NetD5_K Pin=R54-2
Added Net: Name=NetD5_K
Added Pin To Net: NetName=NetD6_K Pin=D6-K
Added Pin To Net: NetName=NetD6_K Pin=R57-2
Added Net: Name=NetD6_K
Added Pin To Net: NetName=NetJ2_0 Pin=J2-0
Added Pin To Net: NetName=NetJ2_0 Pin=J2-0
Added Net: Name=NetJ2_0
Added Pin To Net: NetName=NetQ1_3 Pin=Q1-3
Added Pin To Net: NetName=NetQ1_3 Pin=R52-1
Added Net: Name=NetQ1_3
Added Pin To Net: NetName=NetR43_2 Pin=R43-2
Added Pin To Net: NetName=NetR43_2 Pin=U3-60
Added Net: Name=NetR43_2
Added Pin To Net: NetName=OSC1 Pin=U3-5
Added Pin To Net: NetName=OSC1 Pin=X2-1
Added Net: Name=OSC1
Added Pin To Net: NetName=OSC2 Pin=U3-6
Added Pin To Net: NetName=OSC2 Pin=X2-2
Added Net: Name=OSC2
Added Pin To Net: NetName=PA5 Pin=R48-1
Added Pin To Net: NetName=PA5 Pin=U3-21
Added Pin To Net: NetName=PA5 Pin=U3-34
Added Pin To Net: NetName=PA5 Pin=U3-37
Added Net: Name=PA5
Added Pin To Net: NetName=PA6 Pin=R44-1
Added Pin To Net: NetName=PA6 Pin=U3-22
Added Net: Name=PA6
Added Pin To Net: NetName=PA7 Pin=R42-1
Added Pin To Net: NetName=PA7 Pin=U3-23
Added Net: Name=PA7
Added Pin To Net: NetName=PA8 Pin=R36-1
Added Pin To Net: NetName=PA8 Pin=U3-41
Added Net: Name=PA8
Added Pin To Net: NetName=PA10 Pin=U3-43
Added Net: Name=PA10
Added Pin To Net: NetName=PB1 Pin=R60-1
Added Pin To Net: NetName=PB1 Pin=U3-27
Added Pin To Net: NetName=PB1 Pin=U3-33
Added Net: Name=PB1
Added Pin To Net: NetName=PB2 Pin=R39-1
Added Pin To Net: NetName=PB2 Pin=U3-28
Added Net: Name=PB2
Added Pin To Net: NetName=PB8 Pin=Q1-1
Added Pin To Net: NetName=PB8 Pin=U3-61
Added Net: Name=PB8
Added Pin To Net: NetName=PB14 Pin=R37-1
Added Pin To Net: NetName=PB14 Pin=U3-35
Added Net: Name=PB14
Added Pin To Net: NetName=PB15 Pin=R34-1
Added Pin To Net: NetName=PB15 Pin=U3-36
Added Net: Name=PB15
Added Pin To Net: NetName=PC0 Pin=R55-2
Added Pin To Net: NetName=PC0 Pin=R56-1
Added Pin To Net: NetName=PC0 Pin=U3-8
Added Net: Name=PC0
Added Pin To Net: NetName=PC3 Pin=R58-2
Added Pin To Net: NetName=PC3 Pin=R59-1
Added Pin To Net: NetName=PC3 Pin=U3-11
Added Net: Name=PC3
Added Pin To Net: NetName=PC5 Pin=R51-1
Added Pin To Net: NetName=PC5 Pin=U3-25
Added Net: Name=PC5
Added Pin To Net: NetName=PC7 Pin=R33-1
Added Pin To Net: NetName=PC7 Pin=U3-38
Added Net: Name=PC7
Added Pin To Net: NetName=PC8 Pin=U3-39
Added Net: Name=PC8
Added Pin To Net: NetName=PC9 Pin=R47-1
Added Pin To Net: NetName=PC9 Pin=U3-40
Added Net: Name=PC9
Added Pin To Net: NetName=RST Pin=P1-9
Added Pin To Net: NetName=RST Pin=R50-2
Added Pin To Net: NetName=RST Pin=R51-2
Added Pin To Net: NetName=RST Pin=R52-2
Added Net: Name=RST
Added Pin To Net: NetName=RXD Pin=P1-6
Added Pin To Net: NetName=RXD Pin=R39-2
Added Pin To Net: NetName=RXD Pin=R40-2
Added Pin To Net: NetName=RXD Pin=R41-2
Added Net: Name=RXD
Added Pin To Net: NetName=TCK Pin=P1-5
Added Pin To Net: NetName=TCK Pin=R47-2
Added Pin To Net: NetName=TCK Pin=R48-2
Added Pin To Net: NetName=TCK Pin=R49-2
Added Net: Name=TCK
Added Pin To Net: NetName=TDI-Y Pin=P1-8
Added Pin To Net: NetName=TDI-Y Pin=R36-2
Added Pin To Net: NetName=TDI-Y Pin=R37-2
Added Pin To Net: NetName=TDI-Y Pin=R38-2
Added Net: Name=TDI-Y
Added Pin To Net: NetName=TDO Pin=P1-10
Added Pin To Net: NetName=TDO Pin=R33-2
Added Pin To Net: NetName=TDO Pin=R34-2
Added Pin To Net: NetName=TDO Pin=R35-2
Added Net: Name=TDO
Added Pin To Net: NetName=TMS Pin=P1-3
Added Pin To Net: NetName=TMS Pin=R42-2
Added Pin To Net: NetName=TMS Pin=R44-2
Added Pin To Net: NetName=TMS Pin=R45-2
Added Net: Name=TMS
Added Pin To Net: NetName=USB_DM_IN Pin=D4-6
Added Pin To Net: NetName=USB_DM_IN Pin=U3-44
Added Net: Name=USB_DM_IN
Added Pin To Net: NetName=USB_DM Pin=D4-1
Added Pin To Net: NetName=USB_DM Pin=J2-A7
Added Pin To Net: NetName=USB_DM Pin=J2-B7
Added Net: Name=USB_DM
Added Pin To Net: NetName=USB_DP_IN Pin=D4-4
Added Pin To Net: NetName=USB_DP_IN Pin=U3-45
Added Net: Name=USB_DP_IN
Added Pin To Net: NetName=USB_DP Pin=D4-3
Added Pin To Net: NetName=USB_DP Pin=J2-A6
Added Pin To Net: NetName=USB_DP Pin=J2-B6
Added Pin To Net: NetName=USB_DP Pin=R53-2
Added Net: Name=USB_DP
Added Member To Class: ClassName=JlinkV9_RST Member=Component C3 104
Added Member To Class: ClassName=JlinkV9_RST Member=Component C4 104
Added Member To Class: ClassName=JlinkV9_RST Member=Component C12 104
Added Member To Class: ClassName=JlinkV9_RST Member=Component C13 2.2UF
Added Member To Class: ClassName=JlinkV9_RST Member=Component C14 2.2UF
Added Member To Class: ClassName=JlinkV9_RST Member=Component D4 USBLC6
Added Member To Class: ClassName=JlinkV9_RST Member=Component D5 白灯 0603
Added Member To Class: ClassName=JlinkV9_RST Member=Component D6 白灯 0603
Added Member To Class: ClassName=JlinkV9_RST Member=Component J2 USB type C
Added Member To Class: ClassName=JlinkV9_RST Member=Component P1 Header 5X2
Added Member To Class: ClassName=JlinkV9_RST Member=Component Q1 SS8050
Added Member To Class: ClassName=JlinkV9_RST Member=Component R33 100R
Added Member To Class: ClassName=JlinkV9_RST Member=Component R34 100R
Added Member To Class: ClassName=JlinkV9_RST Member=Component R35 10K
Added Member To Class: ClassName=JlinkV9_RST Member=Component R36 100R
Added Member To Class: ClassName=JlinkV9_RST Member=Component R37 100R
Added Member To Class: ClassName=JlinkV9_RST Member=Component R38 10K
Added Member To Class: ClassName=JlinkV9_RST Member=Component R39 100R
Added Member To Class: ClassName=JlinkV9_RST Member=Component R40 10K
Added Member To Class: ClassName=JlinkV9_RST Member=Component R41 NC
Added Member To Class: ClassName=JlinkV9_RST Member=Component R42 100R
Added Member To Class: ClassName=JlinkV9_RST Member=Component R43 10K
Added Member To Class: ClassName=JlinkV9_RST Member=Component R44 100R
Added Member To Class: ClassName=JlinkV9_RST Member=Component R45 10K
Added Member To Class: ClassName=JlinkV9_RST Member=Component R46 10K
Added Member To Class: ClassName=JlinkV9_RST Member=Component R47 100R
Added Member To Class: ClassName=JlinkV9_RST Member=Component R48 100R
Added Member To Class: ClassName=JlinkV9_RST Member=Component R49 10K
Added Member To Class: ClassName=JlinkV9_RST Member=Component R50 100R
Added Member To Class: ClassName=JlinkV9_RST Member=Component R51 100R
Added Member To Class: ClassName=JlinkV9_RST Member=Component R52 100R
Added Member To Class: ClassName=JlinkV9_RST Member=Component R53 1K
Added Member To Class: ClassName=JlinkV9_RST Member=Component R54 1K
Added Member To Class: ClassName=JlinkV9_RST Member=Component R55 10K
Added Member To Class: ClassName=JlinkV9_RST Member=Component R56 10K
Added Member To Class: ClassName=JlinkV9_RST Member=Component R57 1K
Added Member To Class: ClassName=JlinkV9_RST Member=Component R58 10K
Added Member To Class: ClassName=JlinkV9_RST Member=Component R59 1K
Added Member To Class: ClassName=JlinkV9_RST Member=Component R60 1K
Added Member To Class: ClassName=JlinkV9_RST Member=Component R61 1A保险丝
Added Member To Class: ClassName=JlinkV9_RST Member=Component U3 STM32F205RET6
Added Member To Class: ClassName=JlinkV9_RST Member=Component U4 AMS1117_1
Added Member To Class: ClassName=JlinkV9_RST Member=Component X2 12MHz
Added Room: Name=JlinkV9_RST
